2025-04-22 10:04:25 - 8comic - INFO - Found chapter 1: 1卷
2025-04-22 10:04:25 - 8comic - INFO - Found chapter 2: 2卷
2025-04-22 10:04:25 - 8comic - INFO - Found chapter 3: 3卷
2025-04-22 10:04:25 - 8comic - INFO - Found chapter 4: 4卷
2025-04-22 10:04:25 - 8comic - INFO - Found chapter 5: 5卷
2025-04-22 10:04:25 - 8comic - INFO - Found chapter 6: 6卷
2025-04-22 10:04:25 - 8comic - INFO - Found chapter 7: 7卷
2025-04-22 10:04:25 - 8comic - INFO - Found chapter 8: 8卷
2025-04-22 10:04:25 - 8comic - INFO - Found chapter 9: 9卷
2025-04-22 10:04:25 - 8comic - INFO - Found chapter 10: 10卷
2025-04-22 10:04:25 - 8comic - INFO - Found chapter 11: 11卷
2025-04-22 10:04:25 - 8comic - INFO - Found chapter 12: 12卷
2025-04-22 10:04:25 - 8comic - INFO - Found chapter 13: 13卷
2025-04-22 10:04:25 - 8comic - INFO - Found chapter 14: 14卷
2025-04-22 10:04:25 - 8comic - INFO - Found chapter 15: 15卷
2025-04-22 10:04:25 - 8comic - INFO - Found chapter 16: 16卷
2025-04-22 10:04:25 - 8comic - INFO - Found chapter 17: 17卷
2025-04-22 10:04:25 - 8comic - INFO - Found chapter 18: 18卷
2025-04-22 10:04:25 - 8comic - INFO - Found chapter 19: 19卷
2025-04-22 10:04:27 - 8comic - INFO - Processing chapter 1
2025-04-22 10:04:28 - 8comic - INFO - Saved 98 images to _8comic/幽游白書_1586/幽游白書_1586-images/ch0001 - 1卷.txt
2025-04-22 10:04:28 - 8comic - INFO - Processing chapter 2
2025-04-22 10:04:29 - 8comic - INFO - Saved 94 images to _8comic/幽游白書_1586/幽游白書_1586-images/ch0002 - 2卷.txt
2025-04-22 10:04:30 - 8comic - INFO - Processing chapter 3
2025-04-22 10:04:32 - 8comic - INFO - Saved 92 images to _8comic/幽游白書_1586/幽游白書_1586-images/ch0003 - 3卷.txt
2025-04-22 10:04:32 - 8comic - INFO - Processing chapter 4
2025-04-22 10:04:33 - 8comic - INFO - Saved 92 images to _8comic/幽游白書_1586/幽游白書_1586-images/ch0004 - 4卷.txt
2025-04-22 10:04:34 - 8comic - INFO - Processing chapter 5
2025-04-22 10:04:35 - 8comic - INFO - Saved 100 images to _8comic/幽游白書_1586/幽游白書_1586-images/ch0005 - 5卷.txt
2025-04-22 10:04:36 - 8comic - INFO - Processing chapter 6
2025-04-22 10:04:37 - 8comic - INFO - Saved 100 images to _8comic/幽游白書_1586/幽游白書_1586-images/ch0006 - 6卷.txt
2025-04-22 10:04:38 - 8comic - INFO - Processing chapter 7
2025-04-22 10:04:39 - 8comic - INFO - Saved 97 images to _8comic/幽游白書_1586/幽游白書_1586-images/ch0007 - 7卷.txt
2025-04-22 10:04:39 - 8comic - INFO - Processing chapter 8
2025-04-22 10:04:40 - 8comic - INFO - Saved 91 images to _8comic/幽游白書_1586/幽游白書_1586-images/ch0008 - 8卷.txt
2025-04-22 10:04:41 - 8comic - INFO - Processing chapter 9
2025-04-22 10:04:42 - 8comic - INFO - Saved 92 images to _8comic/幽游白書_1586/幽游白書_1586-images/ch0009 - 9卷.txt
2025-04-22 10:04:43 - 8comic - INFO - Processing chapter 10
2025-04-22 10:04:44 - 8comic - INFO - Saved 101 images to _8comic/幽游白書_1586/幽游白書_1586-images/ch0010 - 10卷.txt
2025-04-22 10:04:45 - 8comic - INFO - Processing chapter 11
2025-04-22 10:04:46 - 8comic - INFO - Saved 91 images to _8comic/幽游白書_1586/幽游白書_1586-images/ch0011 - 11卷.txt
2025-04-22 10:04:46 - 8comic - INFO - Processing chapter 12
2025-04-22 10:04:48 - 8comic - INFO - Saved 91 images to _8comic/幽游白書_1586/幽游白書_1586-images/ch0012 - 12卷.txt
2025-04-22 10:04:48 - 8comic - INFO - Processing chapter 13
2025-04-22 10:04:49 - 8comic - INFO - Saved 90 images to _8comic/幽游白書_1586/幽游白書_1586-images/ch0013 - 13卷.txt
2025-04-22 10:04:50 - 8comic - INFO - Processing chapter 14
2025-04-22 10:04:51 - 8comic - INFO - Saved 99 images to _8comic/幽游白書_1586/幽游白書_1586-images/ch0014 - 14卷.txt
2025-04-22 10:04:52 - 8comic - INFO - Processing chapter 15
2025-04-22 10:04:53 - 8comic - INFO - Saved 99 images to _8comic/幽游白書_1586/幽游白書_1586-images/ch0015 - 15卷.txt
2025-04-22 10:04:54 - 8comic - INFO - Processing chapter 16
2025-04-22 10:04:55 - 8comic - INFO - Saved 100 images to _8comic/幽游白書_1586/幽游白書_1586-images/ch0016 - 16卷.txt
2025-04-22 10:04:56 - 8comic - INFO - Processing chapter 17
2025-04-22 10:04:57 - 8comic - INFO - Saved 99 images to _8comic/幽游白書_1586/幽游白書_1586-images/ch0017 - 17卷.txt
2025-04-22 10:04:58 - 8comic - INFO - Processing chapter 18
2025-04-22 10:04:59 - 8comic - INFO - Saved 90 images to _8comic/幽游白書_1586/幽游白書_1586-images/ch0018 - 18卷.txt
2025-04-22 10:05:00 - 8comic - INFO - Processing chapter 19
2025-04-22 10:05:01 - 8comic - INFO - Saved 80 images to _8comic/幽游白書_1586/幽游白書_1586-images/ch0019 - 19卷.txt
2025-04-22 10:05:02 - root - INFO - Successfully downloaded to directory: 幽游白書_1586
2025-04-22 10:05:02 - root - INFO - Generating PDF for ch0004 - 4卷.txt
2025-04-22 10:05:07 - pdf_generator - INFO - Successfully generated PDF: _8comic/幽游白書_1586/幽游白書_1586-pdf/ch0004 - 4卷.pdf
2025-04-22 10:05:07 - root - INFO - Generating PDF for ch0019 - 19卷.txt
2025-04-22 10:05:12 - pdf_generator - INFO - Successfully generated PDF: _8comic/幽游白書_1586/幽游白書_1586-pdf/ch0019 - 19卷.pdf
2025-04-22 10:05:12 - root - INFO - Generating PDF for ch0009 - 9卷.txt
2025-04-22 10:05:18 - pdf_generator - INFO - Successfully generated PDF: _8comic/幽游白書_1586/幽游白書_1586-pdf/ch0009 - 9卷.pdf
2025-04-22 10:05:18 - root - INFO - Generating PDF for ch0015 - 15卷.txt
2025-04-22 10:05:23 - pdf_generator - INFO - Successfully generated PDF: _8comic/幽游白書_1586/幽游白書_1586-pdf/ch0015 - 15卷.pdf
2025-04-22 10:05:23 - root - INFO - Generating PDF for ch0012 - 12卷.txt
2025-04-22 10:05:28 - pdf_generator - INFO - Successfully generated PDF: _8comic/幽游白書_1586/幽游白書_1586-pdf/ch0012 - 12卷.pdf
2025-04-22 10:05:28 - root - INFO - Generating PDF for ch0013 - 13卷.txt
2025-04-22 10:05:34 - pdf_generator - INFO - Successfully generated PDF: _8comic/幽游白書_1586/幽游白書_1586-pdf/ch0013 - 13卷.pdf
2025-04-22 10:05:34 - root - INFO - Generating PDF for ch0005 - 5卷.txt
2025-04-22 10:05:39 - pdf_generator - INFO - Successfully generated PDF: _8comic/幽游白書_1586/幽游白書_1586-pdf/ch0005 - 5卷.pdf
2025-04-22 10:05:39 - root - INFO - Generating PDF for ch0010 - 10卷.txt
2025-04-22 10:05:44 - pdf_generator - INFO - Successfully generated PDF: _8comic/幽游白書_1586/幽游白書_1586-pdf/ch0010 - 10卷.pdf
2025-04-22 10:05:44 - root - INFO - Generating PDF for ch0001 - 1卷.txt
2025-04-22 10:05:50 - pdf_generator - INFO - Successfully generated PDF: _8comic/幽游白書_1586/幽游白書_1586-pdf/ch0001 - 1卷.pdf
2025-04-22 10:05:50 - root - INFO - Generating PDF for ch0003 - 3卷.txt
2025-04-22 10:05:54 - pdf_generator - INFO - Successfully generated PDF: _8comic/幽游白書_1586/幽游白書_1586-pdf/ch0003 - 3卷.pdf
2025-04-22 10:05:54 - root - INFO - Generating PDF for ch0017 - 17卷.txt
2025-04-22 10:05:59 - pdf_generator - INFO - Successfully generated PDF: _8comic/幽游白書_1586/幽游白書_1586-pdf/ch0017 - 17卷.pdf
2025-04-22 10:05:59 - root - INFO - Generating PDF for ch0014 - 14卷.txt
2025-04-22 10:06:04 - pdf_generator - INFO - Successfully generated PDF: _8comic/幽游白書_1586/幽游白書_1586-pdf/ch0014 - 14卷.pdf
2025-04-22 10:06:04 - root - INFO - Generating PDF for ch0007 - 7卷.txt
2025-04-22 10:06:09 - pdf_generator - INFO - Successfully generated PDF: _8comic/幽游白書_1586/幽游白書_1586-pdf/ch0007 - 7卷.pdf
2025-04-22 10:06:09 - root - INFO - Generating PDF for ch0006 - 6卷.txt
2025-04-22 10:06:14 - pdf_generator - INFO - Successfully generated PDF: _8comic/幽游白書_1586/幽游白書_1586-pdf/ch0006 - 6卷.pdf
2025-04-22 10:06:14 - root - INFO - Generating PDF for ch0011 - 11卷.txt
2025-04-22 10:06:20 - pdf_generator - INFO - Successfully generated PDF: _8comic/幽游白書_1586/幽游白書_1586-pdf/ch0011 - 11卷.pdf
2025-04-22 10:06:20 - root - INFO - Generating PDF for ch0002 - 2卷.txt
2025-04-22 10:06:25 - pdf_generator - INFO - Successfully generated PDF: _8comic/幽游白書_1586/幽游白書_1586-pdf/ch0002 - 2卷.pdf
2025-04-22 10:06:25 - root - INFO - Generating PDF for ch0018 - 18卷.txt
2025-04-22 10:06:29 - pdf_generator - INFO - Successfully generated PDF: _8comic/幽游白書_1586/幽游白書_1586-pdf/ch0018 - 18卷.pdf
2025-04-22 10:06:29 - root - INFO - Generating PDF for ch0008 - 8卷.txt
2025-04-22 10:06:36 - pdf_generator - INFO - Successfully generated PDF: _8comic/幽游白書_1586/幽游白書_1586-pdf/ch0008 - 8卷.pdf
2025-04-22 10:06:36 - root - INFO - Generating PDF for ch0016 - 16卷.txt
2025-04-22 10:06:41 - pdf_generator - INFO - Successfully generated PDF: _8comic/幽游白書_1586/幽游白書_1586-pdf/ch0016 - 16卷.pdf
2025-04-22 10:06:41 - root - INFO - Successfully generated PDFs for directory: 幽游白書_1586
2025-04-22 10:06:41 - root - INFO - Successfully generated index page for directory: 幽游白書_1586
2025-04-22 10:06:41 - root - INFO - Successfully generated PDFs for directory: 幽游白書_1586
2025-04-22 10:09:18 - 8comic - INFO - Found chapter 1: 1話
2025-04-22 10:09:18 - 8comic - INFO - Found chapter 2: 2話
2025-04-22 10:09:18 - 8comic - INFO - Found chapter 3: 3話
2025-04-22 10:09:18 - 8comic - INFO - Found chapter 4: 4話
2025-04-22 10:09:18 - 8comic - INFO - Found chapter 5: 5話
2025-04-22 10:09:18 - 8comic - INFO - Found chapter 6: 6話
2025-04-22 10:09:18 - 8comic - INFO - Found chapter 7: 7話
2025-04-22 10:09:18 - 8comic - INFO - Found chapter 8: 8話
2025-04-22 10:09:18 - 8comic - INFO - Found chapter 9: 9話
2025-04-22 10:09:18 - 8comic - INFO - Found chapter 10: 10話
2025-04-22 10:09:18 - 8comic - INFO - Found chapter 11: 11話
2025-04-22 10:09:18 - 8comic - INFO - Found chapter 12: 12話
2025-04-22 10:09:18 - 8comic - INFO - Found chapter 13: 13話
2025-04-22 10:09:18 - 8comic - INFO - Found chapter 14: 14話
2025-04-22 10:09:18 - 8comic - INFO - Found chapter 15: 15話
2025-04-22 10:09:18 - 8comic - INFO - Found chapter 16: 16話
2025-04-22 10:09:18 - 8comic - INFO - Found chapter 17: 17話
2025-04-22 10:09:18 - 8comic - INFO - Found chapter 18: 18話
2025-04-22 10:09:18 - 8comic - INFO - Found chapter 19: 19話
2025-04-22 10:09:18 - 8comic - INFO - Found chapter 20: 20話
2025-04-22 10:09:18 - 8comic - INFO - Found chapter 21: 21話
2025-04-22 10:09:18 - 8comic - INFO - Found chapter 22: 22話
2025-04-22 10:09:18 - 8comic - INFO - Found chapter 23: 23話
2025-04-22 10:09:18 - 8comic - INFO - Found chapter 24: 24話
2025-04-22 10:09:18 - 8comic - INFO - Found chapter 25: 25話
2025-04-22 10:09:18 - 8comic - INFO - Found chapter 26: 26話
2025-04-22 10:09:18 - 8comic - INFO - Found chapter 27: 27話
2025-04-22 10:09:18 - 8comic - INFO - Found chapter 28: 28話
2025-04-22 10:09:18 - 8comic - INFO - Found chapter 29: 29話
2025-04-22 10:09:18 - 8comic - INFO - Found chapter 30: 30話
2025-04-22 10:09:18 - 8comic - INFO - Found chapter 31: 31話
2025-04-22 10:09:18 - 8comic - INFO - Found chapter 32: 32話
2025-04-22 10:09:18 - 8comic - INFO - Found chapter 33: 33話
2025-04-22 10:09:18 - 8comic - INFO - Found chapter 34: 34話
2025-04-22 10:09:18 - 8comic - INFO - Found chapter 35: 35話
2025-04-22 10:09:18 - 8comic - INFO - Found chapter 36: 36話
2025-04-22 10:09:18 - 8comic - INFO - Found chapter 37: 37話
2025-04-22 10:09:18 - 8comic - INFO - Found chapter 38: 38話
2025-04-22 10:09:18 - 8comic - INFO - Found chapter 39: 39話
2025-04-22 10:09:18 - 8comic - INFO - Found chapter 40: 40話
2025-04-22 10:09:18 - 8comic - INFO - Found chapter 41: 41話
2025-04-22 10:09:18 - 8comic - INFO - Found chapter 42: 42話
2025-04-22 10:09:18 - 8comic - INFO - Found chapter 43: 43話
2025-04-22 10:09:18 - 8comic - INFO - Found chapter 44: 44話
2025-04-22 10:09:18 - 8comic - INFO - Found chapter 45: 45話
2025-04-22 10:09:18 - 8comic - INFO - Found chapter 46: 46話
2025-04-22 10:09:18 - 8comic - INFO - Found chapter 47: 47話
2025-04-22 10:09:18 - 8comic - INFO - Found chapter 48: 48話
2025-04-22 10:09:18 - 8comic - INFO - Found chapter 49: 49話
2025-04-22 10:09:18 - 8comic - INFO - Found chapter 50: 50話
2025-04-22 10:09:18 - 8comic - INFO - Found chapter 51: 51話
2025-04-22 10:09:18 - 8comic - INFO - Found chapter 52: 52話
2025-04-22 10:09:18 - 8comic - INFO - Found chapter 53: 53話
2025-04-22 10:09:18 - 8comic - INFO - Found chapter 54: 54話
2025-04-22 10:09:18 - 8comic - INFO - Found chapter 55: 55話
2025-04-22 10:09:18 - 8comic - INFO - Found chapter 56: 56話
2025-04-22 10:09:18 - 8comic - INFO - Found chapter 57: 57話
2025-04-22 10:09:18 - 8comic - INFO - Found chapter 58: 58話
2025-04-22 10:09:18 - 8comic - INFO - Found chapter 59: 59話
2025-04-22 10:09:18 - 8comic - INFO - Found chapter 60: 60話
2025-04-22 10:09:18 - 8comic - INFO - Found chapter 61: 61話
2025-04-22 10:09:18 - 8comic - INFO - Found chapter 62: 62話
2025-04-22 10:09:18 - 8comic - INFO - Found chapter 63: 63話
2025-04-22 10:09:18 - 8comic - INFO - Found chapter 64: 64話
2025-04-22 10:09:18 - 8comic - INFO - Found chapter 65: 65話
2025-04-22 10:09:18 - 8comic - INFO - Found chapter 66: 66話
2025-04-22 10:09:18 - 8comic - INFO - Found chapter 67: 67話
2025-04-22 10:09:18 - 8comic - INFO - Found chapter 68: 68話
2025-04-22 10:09:18 - 8comic - INFO - Found chapter 69: 69話
2025-04-22 10:09:18 - 8comic - INFO - Found chapter 70: 70話
2025-04-22 10:09:18 - 8comic - INFO - Found chapter 71: 71話
2025-04-22 10:09:18 - 8comic - INFO - Found chapter 72: 72話
2025-04-22 10:09:18 - 8comic - INFO - Found chapter 73: 73話
2025-04-22 10:09:18 - 8comic - INFO - Found chapter 74: 74話
2025-04-22 10:09:18 - 8comic - INFO - Found chapter 75: 75話
2025-04-22 10:09:18 - 8comic - INFO - Found chapter 76: 76話
2025-04-22 10:09:18 - 8comic - INFO - Found chapter 77: 77話
2025-04-22 10:09:18 - 8comic - INFO - Found chapter 78: 78話
2025-04-22 10:09:18 - 8comic - INFO - Found chapter 79: 79話
2025-04-22 10:09:18 - 8comic - INFO - Found chapter 80: 80話
2025-04-22 10:09:18 - 8comic - INFO - Found chapter 81: 81話
2025-04-22 10:09:18 - 8comic - INFO - Found chapter 82: 82話
2025-04-22 10:09:18 - 8comic - INFO - Found chapter 83: 83話
2025-04-22 10:09:18 - 8comic - INFO - Found chapter 84: 84話
2025-04-22 10:09:18 - 8comic - INFO - Found chapter 85: 85話
2025-04-22 10:09:18 - 8comic - INFO - Found chapter 86: 86話
2025-04-22 10:09:18 - 8comic - INFO - Found chapter 87: 87話
2025-04-22 10:09:18 - 8comic - INFO - Found chapter 88: 88話
2025-04-22 10:09:18 - 8comic - INFO - Found chapter 89: 89話
2025-04-22 10:09:18 - 8comic - INFO - Found chapter 90: 90話
2025-04-22 10:09:18 - 8comic - INFO - Found chapter 91: 91話
2025-04-22 10:09:18 - 8comic - INFO - Found chapter 92: 92話
2025-04-22 10:09:18 - 8comic - INFO - Found chapter 93: 93話
2025-04-22 10:09:18 - 8comic - INFO - Found chapter 94: 94話
2025-04-22 10:09:18 - 8comic - INFO - Found chapter 95: 95話
2025-04-22 10:09:18 - 8comic - INFO - Found chapter 96: 96話
2025-04-22 10:09:18 - 8comic - INFO - Found chapter 97: 97話
2025-04-22 10:09:18 - 8comic - INFO - Found chapter 98: 98話
2025-04-22 10:09:18 - 8comic - INFO - Found chapter 99: 99話
2025-04-22 10:09:18 - 8comic - INFO - Found chapter 100: 100話
2025-04-22 10:09:18 - 8comic - INFO - Found chapter 101: 101話
2025-04-22 10:09:18 - 8comic - INFO - Found chapter 102: 102話
2025-04-22 10:09:18 - 8comic - INFO - Found chapter 103: 103話
2025-04-22 10:09:18 - 8comic - INFO - Found chapter 104: 104話
2025-04-22 10:09:18 - 8comic - INFO - Found chapter 105: 105話
2025-04-22 10:09:18 - 8comic - INFO - Found chapter 106: 106話
2025-04-22 10:09:18 - 8comic - INFO - Found chapter 107: 107話
2025-04-22 10:09:18 - 8comic - INFO - Found chapter 108: 108話
2025-04-22 10:09:18 - 8comic - INFO - Found chapter 109: 109話
2025-04-22 10:09:18 - 8comic - INFO - Found chapter 110: 110話
2025-04-22 10:09:18 - 8comic - INFO - Found chapter 111: 111話
2025-04-22 10:09:18 - 8comic - INFO - Found chapter 112: 112話
2025-04-22 10:09:18 - 8comic - INFO - Found chapter 113: 113話
2025-04-22 10:09:18 - 8comic - INFO - Found chapter 114: 114話
2025-04-22 10:09:18 - 8comic - INFO - Found chapter 115: 115話
2025-04-22 10:09:18 - 8comic - INFO - Found chapter 116: 116話
2025-04-22 10:09:18 - 8comic - INFO - Found chapter 117: 117話
2025-04-22 10:09:18 - 8comic - INFO - Found chapter 118: 118話
2025-04-22 10:09:18 - 8comic - INFO - Found chapter 119: 119話
2025-04-22 10:09:18 - 8comic - INFO - Found chapter 120: 120話
2025-04-22 10:09:18 - 8comic - INFO - Found chapter 121: 121話
2025-04-22 10:09:18 - 8comic - INFO - Found chapter 122: 122話
2025-04-22 10:09:18 - 8comic - INFO - Found chapter 123: 123話
2025-04-22 10:09:18 - 8comic - INFO - Found chapter 124: 124話
2025-04-22 10:09:18 - 8comic - INFO - Found chapter 125: 125話
2025-04-22 10:09:18 - 8comic - INFO - Found chapter 126: 126話
2025-04-22 10:09:18 - 8comic - INFO - Found chapter 127: 127話
2025-04-22 10:09:18 - 8comic - INFO - Found chapter 128: 128話
2025-04-22 10:09:18 - 8comic - INFO - Found chapter 129: 129話
2025-04-22 10:09:18 - 8comic - INFO - Found chapter 130: 130話
2025-04-22 10:09:18 - 8comic - INFO - Found chapter 131: 131話
2025-04-22 10:09:18 - 8comic - INFO - Found chapter 132: 132話
2025-04-22 10:09:18 - 8comic - INFO - Found chapter 133: 133話
2025-04-22 10:09:18 - 8comic - INFO - Found chapter 134: 134話
2025-04-22 10:09:18 - 8comic - INFO - Found chapter 135: 135話
2025-04-22 10:09:18 - 8comic - INFO - Found chapter 136: 136話
2025-04-22 10:09:18 - 8comic - INFO - Found chapter 137: 137話
2025-04-22 10:09:18 - 8comic - INFO - Found chapter 138: 138話
2025-04-22 10:09:18 - 8comic - INFO - Found chapter 139: 139話
2025-04-22 10:09:18 - 8comic - INFO - Found chapter 140: 140話
2025-04-22 10:09:18 - 8comic - INFO - Found chapter 141: 141話
2025-04-22 10:09:18 - 8comic - INFO - Found chapter 142: 142話
2025-04-22 10:09:18 - 8comic - INFO - Found chapter 143: 143話
2025-04-22 10:09:18 - 8comic - INFO - Found chapter 144: 144話
2025-04-22 10:09:18 - 8comic - INFO - Found chapter 145: 145話
2025-04-22 10:09:18 - 8comic - INFO - Found chapter 146: 146話
2025-04-22 10:09:18 - 8comic - INFO - Found chapter 147: 147話
2025-04-22 10:09:18 - 8comic - INFO - Found chapter 148: 148話
2025-04-22 10:09:18 - 8comic - INFO - Found chapter 149: 149話
2025-04-22 10:09:18 - 8comic - INFO - Found chapter 150: 150話
2025-04-22 10:09:18 - 8comic - INFO - Found chapter 151: 151話
2025-04-22 10:09:18 - 8comic - INFO - Found chapter 152: 152話
2025-04-22 10:09:18 - 8comic - INFO - Found chapter 153: 153話
2025-04-22 10:09:18 - 8comic - INFO - Found chapter 154: 154話
2025-04-22 10:09:18 - 8comic - INFO - Found chapter 155: 155話
2025-04-22 10:09:18 - 8comic - INFO - Found chapter 156: 156話
2025-04-22 10:09:18 - 8comic - INFO - Found chapter 157: 157話
2025-04-22 10:09:18 - 8comic - INFO - Found chapter 158: 158話
2025-04-22 10:09:18 - 8comic - INFO - Found chapter 159: 159話
2025-04-22 10:09:18 - 8comic - INFO - Found chapter 160: 160話
2025-04-22 10:09:18 - 8comic - INFO - Found chapter 161: 第161話
2025-04-22 10:09:18 - 8comic - INFO - Found chapter 162: 第162話
2025-04-22 10:09:18 - 8comic - INFO - Found chapter 163: 第163話
2025-04-22 10:09:18 - 8comic - INFO - Found chapter 164: 第164話
2025-04-22 10:09:18 - 8comic - INFO - Found chapter 165: 第165話
2025-04-22 10:09:18 - 8comic - INFO - Found chapter 166: 第166話
2025-04-22 10:09:20 - 8comic - INFO - Processing chapter 1
2025-04-22 10:09:21 - 8comic - INFO - Saved 40 images to _8comic/我推的孩子_18264/我推的孩子_18264-images/ch0001 - 1話.txt
2025-04-22 10:09:21 - 8comic - INFO - Processing chapter 2
2025-04-22 10:09:53 - 8comic - WARNING - Retrying chapter 2 (1/3)
2025-04-22 10:10:25 - 8comic - WARNING - Retrying chapter 2 (2/3)
